This is pdfTeX, Version 3.14159265-2.6-1.40.16 (TeX Live 2015/Debian) (preloaded format=latex 2016.9.22)  25 DEC 2016 17:02
entering extended mode
 \write18 enabled.
 file:line:error style messages enabled.
 %&-line parsing enabled.
**\makeatletter\def\HCode{\futurelet\HCode\HChar}\def\HChar{\ifx"\HCode\def\HCo
de"##1"{\Link##1}\expandafter\HCode\else\expandafter\Link\fi}\def\Link#1.a.b.c.
{\g@addto@macro\@documentclasshook{\RequirePackage[#1,html]{tex4ht}}\let\HCode\
documentstyle\def\documentstyle{\let\documentstyle\HCode\expandafter\def\csname
 tex4ht\endcsname{#1,html}\def\HCode####1{\documentstyle[tex4ht,}\@ifnextchar[{
\HCode}{\documentstyle[tex4ht]}}}\makeatother\HCode ximera,charset=utf-8,-css.a
.b.c.\input  Homework01.tex
(./Homework01.tex (/home/xronosadmin/texmf/tex/latex/ximeraLatex/ximera.cls
Document Class: ximera 2016/08/17 Version 1.25 by Bart Snapp
(/usr/share/texlive/texmf-dist/tex/latex/base/article.cls
Document Class: article 2014/09/29 v1.4h Standard LaTeX document class
(/usr/share/texlive/texmf-dist/tex/latex/base/size10.clo
File: size10.clo 2014/09/29 v1.4h Standard LaTeX file (size option)
)
\c@part=\count79
\c@section=\count80
\c@subsection=\count81
\c@subsubsection=\count82
\c@paragraph=\count83
\c@subparagraph=\count84
\c@figure=\count85
\c@table=\count86
\abovecaptionskip=\skip41
\belowcaptionskip=\skip42
\bibindent=\dimen102
)
(/usr/share/texlive/texmf-dist/tex/latex/pgf/frontendlayer/tikz.sty
(/usr/share/texlive/texmf-dist/tex/latex/pgf/basiclayer/pgf.sty
(/usr/share/texlive/texmf-dist/tex/latex/pgf/utilities/pgfrcs.sty
(/usr/share/texlive/texmf-dist/tex/generic/pgf/utilities/pgfutil-common.tex
\pgfutil@everybye=\toks14
\pgfutil@tempdima=\dimen103
\pgfutil@tempdimb=\dimen104

(/usr/share/texlive/texmf-dist/tex/generic/pgf/utilities/pgfutil-common-lists.t
ex)) (/usr/share/texlive/texmf-dist/tex/generic/pgf/utilities/pgfutil-latex.def
\pgfutil@abb=\box26
(/usr/share/texlive/texmf-dist/tex/latex/ms/everyshi.sty
Package: everyshi 2001/05/15 v3.00 EveryShipout Package (MS)
))
(/usr/share/texlive/texmf-dist/tex/generic/pgf/utilities/pgfrcs.code.tex
Package: pgfrcs 2015/08/07 v3.0.1a (rcs-revision 1.31)
))
Package: pgf 2015/08/07 v3.0.1a (rcs-revision 1.15)

(/usr/share/texlive/texmf-dist/tex/latex/pgf/basiclayer/pgfcore.sty
(/usr/share/texlive/texmf-dist/tex/latex/graphics/graphicx.sty
Package: graphicx 2014/10/28 v1.0g Enhanced LaTeX Graphics (DPC,SPQR)

(/usr/share/texlive/texmf-dist/tex/latex/graphics/keyval.sty
Package: keyval 2014/10/28 v1.15 key=value parser (DPC)
\KV@toks@=\toks15
)
(/usr/share/texlive/texmf-dist/tex/latex/graphics/graphics.sty
Package: graphics 2016/01/03 v1.0q Standard LaTeX Graphics (DPC,SPQR)

(/usr/share/texlive/texmf-dist/tex/latex/graphics/trig.sty
Package: trig 2016/01/03 v1.10 sin cos tan (DPC)
)
(/usr/share/texlive/texmf-dist/tex/latex/latexconfig/graphics.cfg
File: graphics.cfg 2010/04/23 v1.9 graphics configuration of TeX Live
)
Package graphics Info: Driver file: dvips.def on input line 95.

(/usr/share/texlive/texmf-dist/tex/latex/graphics/dvips.def
File: dvips.def 2015/12/30 v3.0k Driver-dependent file (DPC,SPQR)
))
\Gin@req@height=\dimen105
\Gin@req@width=\dimen106
)
(/usr/share/texlive/texmf-dist/tex/latex/pgf/systemlayer/pgfsys.sty
(/usr/share/texlive/texmf-dist/tex/generic/pgf/systemlayer/pgfsys.code.tex
Package: pgfsys 2014/07/09 v3.0.1a (rcs-revision 1.48)

(/usr/share/texlive/texmf-dist/tex/generic/pgf/utilities/pgfkeys.code.tex
\pgfkeys@pathtoks=\toks16
\pgfkeys@temptoks=\toks17

(/usr/share/texlive/texmf-dist/tex/generic/pgf/utilities/pgfkeysfiltered.code.t
ex
\pgfkeys@tmptoks=\toks18
))
\pgf@x=\dimen107
\pgf@y=\dimen108
\pgf@xa=\dimen109
\pgf@ya=\dimen110
\pgf@xb=\dimen111
\pgf@yb=\dimen112
\pgf@xc=\dimen113
\pgf@yc=\dimen114
\w@pgf@writea=\write3
\r@pgf@reada=\read1
\c@pgf@counta=\count87
\c@pgf@countb=\count88
\c@pgf@countc=\count89
\c@pgf@countd=\count90
\t@pgf@toka=\toks19
\t@pgf@tokb=\toks20
\t@pgf@tokc=\toks21
 (/usr/share/texlive/texmf-dist/tex/generic/pgf/systemlayer/pgf.cfg
File: pgf.cfg 2008/05/14  (rcs-revision 1.7)
)
Driver file for pgf: pgfsys-tex4ht.def

(/home/xronosadmin/texmf/tex/latex/ximeraLatex/pgfsys-tex4ht.def
File: pgfsys-tex4ht.def 2013/08/06  (rcs-revision 1.25)

(/usr/share/texlive/texmf-dist/tex/generic/pgf/systemlayer/pgfsys-common-svg.de
f
File: pgfsys-common-svg.def 2013/08/28  (rcs-revision 1.24)
\pgf@sys@svg@objectcount=\count91
\pgf@sys@svg@scopecount=\count92
)
\pgf@sys@svg@picnum=\count93
\pgf@sys@svg@nodenum=\count94
\pgfsys@foreignobject@Box=\box27
\pgf@s=\dimen115
\pgf@t=\dimen116
 (/usr/share/texlive/texmf-dist/tex/latex/xcolor/xcolor.sty
Package: xcolor 2007/01/21 v2.11 LaTeX color extensions (UK)

(/usr/share/texlive/texmf-dist/tex/latex/latexconfig/color.cfg
File: color.cfg 2007/01/18 v1.5 color configuration of teTeX/TeXLive
)
Package xcolor Info: Driver file: dvips.def on input line 225.

(/usr/share/texlive/texmf-dist/tex/latex/colortbl/colortbl.sty
Package: colortbl 2012/02/13 v1.0a Color table columns (DPC)

(/usr/share/texlive/texmf-dist/tex/latex/tools/array.sty
Package: array 2014/10/28 v2.4c Tabular extension package (FMi)
\col@sep=\dimen117
\extrarowheight=\dimen118
\NC@list=\toks22
\extratabsurround=\skip43
\backup@length=\skip44
)
\everycr=\toks23
\minrowclearance=\skip45
)
\rownum=\count95
Package xcolor Info: Model `cmy' substituted by `cmy0' on input line 1337.
Package xcolor Info: Model `RGB' extended on input line 1353.
Package xcolor Info: Model `HTML' substituted by `rgb' on input line 1355.
Package xcolor Info: Model `Hsb' substituted by `hsb' on input line 1356.
Package xcolor Info: Model `tHsb' substituted by `hsb' on input line 1357.
Package xcolor Info: Model `HSB' substituted by `hsb' on input line 1358.
Package xcolor Info: Model `Gray' substituted by `gray' on input line 1359.
Package xcolor Info: Model `wave' substituted by `hsb' on input line 1360.
)))
(/usr/share/texlive/texmf-dist/tex/generic/pgf/systemlayer/pgfsyssoftpath.code.
tex
File: pgfsyssoftpath.code.tex 2013/09/09  (rcs-revision 1.9)
\pgfsyssoftpath@smallbuffer@items=\count96
\pgfsyssoftpath@bigbuffer@items=\count97
)
(/usr/share/texlive/texmf-dist/tex/generic/pgf/systemlayer/pgfsysprotocol.code.
tex
File: pgfsysprotocol.code.tex 2006/10/16  (rcs-revision 1.4)
))
(/usr/share/texlive/texmf-dist/tex/generic/pgf/basiclayer/pgfcore.code.tex
Package: pgfcore 2010/04/11 v3.0.1a (rcs-revision 1.7)

(/usr/share/texlive/texmf-dist/tex/generic/pgf/math/pgfmath.code.tex
(/usr/share/texlive/texmf-dist/tex/generic/pgf/math/pgfmathcalc.code.tex
(/usr/share/texlive/texmf-dist/tex/generic/pgf/math/pgfmathutil.code.tex)
(/usr/share/texlive/texmf-dist/tex/generic/pgf/math/pgfmathparser.code.tex
\pgfmath@dimen=\dimen119
\pgfmath@count=\count98
\pgfmath@box=\box28
\pgfmath@toks=\toks24
\pgfmath@stack@operand=\toks25
\pgfmath@stack@operation=\toks26
)
(/usr/share/texlive/texmf-dist/tex/generic/pgf/math/pgfmathfunctions.code.tex
(/usr/share/texlive/texmf-dist/tex/generic/pgf/math/pgfmathfunctions.basic.code
.tex)
(/usr/share/texlive/texmf-dist/tex/generic/pgf/math/pgfmathfunctions.trigonomet
ric.code.tex)
(/usr/share/texlive/texmf-dist/tex/generic/pgf/math/pgfmathfunctions.random.cod
e.tex)
(/usr/share/texlive/texmf-dist/tex/generic/pgf/math/pgfmathfunctions.comparison
.code.tex)
(/usr/share/texlive/texmf-dist/tex/generic/pgf/math/pgfmathfunctions.base.code.
tex)
(/usr/share/texlive/texmf-dist/tex/generic/pgf/math/pgfmathfunctions.round.code
.tex)
(/usr/share/texlive/texmf-dist/tex/generic/pgf/math/pgfmathfunctions.misc.code.
tex)
(/usr/share/texlive/texmf-dist/tex/generic/pgf/math/pgfmathfunctions.integerari
thmetics.code.tex)))
(/usr/share/texlive/texmf-dist/tex/generic/pgf/math/pgfmathfloat.code.tex
\c@pgfmathroundto@lastzeros=\count99
))
(/usr/share/texlive/texmf-dist/tex/generic/pgf/basiclayer/pgfcorepoints.code.te
x
File: pgfcorepoints.code.tex 2013/10/07  (rcs-revision 1.27)
\pgf@picminx=\dimen120
\pgf@picmaxx=\dimen121
\pgf@picminy=\dimen122
\pgf@picmaxy=\dimen123
\pgf@pathminx=\dimen124
\pgf@pathmaxx=\dimen125
\pgf@pathminy=\dimen126
\pgf@pathmaxy=\dimen127
\pgf@xx=\dimen128
\pgf@xy=\dimen129
\pgf@yx=\dimen130
\pgf@yy=\dimen131
\pgf@zx=\dimen132
\pgf@zy=\dimen133
)
(/usr/share/texlive/texmf-dist/tex/generic/pgf/basiclayer/pgfcorepathconstruct.
code.tex
File: pgfcorepathconstruct.code.tex 2013/10/07  (rcs-revision 1.29)
\pgf@path@lastx=\dimen134
\pgf@path@lasty=\dimen135
)
(/usr/share/texlive/texmf-dist/tex/generic/pgf/basiclayer/pgfcorepathusage.code
.tex
File: pgfcorepathusage.code.tex 2014/11/02  (rcs-revision 1.24)
\pgf@shorten@end@additional=\dimen136
\pgf@shorten@start@additional=\dimen137
)
(/usr/share/texlive/texmf-dist/tex/generic/pgf/basiclayer/pgfcorescopes.code.te
x
File: pgfcorescopes.code.tex 2015/05/08  (rcs-revision 1.46)
\pgfpic=\box29
\pgf@hbox=\box30
\pgf@layerbox@main=\box31
\pgf@picture@serial@count=\count100
)
(/usr/share/texlive/texmf-dist/tex/generic/pgf/basiclayer/pgfcoregraphicstate.c
ode.tex
File: pgfcoregraphicstate.code.tex 2014/11/02  (rcs-revision 1.12)
\pgflinewidth=\dimen138
)
(/usr/share/texlive/texmf-dist/tex/generic/pgf/basiclayer/pgfcoretransformation
s.code.tex
File: pgfcoretransformations.code.tex 2015/08/07  (rcs-revision 1.20)
\pgf@pt@x=\dimen139
\pgf@pt@y=\dimen140
\pgf@pt@temp=\dimen141
)
(/usr/share/texlive/texmf-dist/tex/generic/pgf/basiclayer/pgfcorequick.code.tex
File: pgfcorequick.code.tex 2008/10/09  (rcs-revision 1.3)
)
(/usr/share/texlive/texmf-dist/tex/generic/pgf/basiclayer/pgfcoreobjects.code.t
ex
File: pgfcoreobjects.code.tex 2006/10/11  (rcs-revision 1.2)
)
(/usr/share/texlive/texmf-dist/tex/generic/pgf/basiclayer/pgfcorepathprocessing
.code.tex
File: pgfcorepathprocessing.code.tex 2013/09/09  (rcs-revision 1.9)
)
(/usr/share/texlive/texmf-dist/tex/generic/pgf/basiclayer/pgfcorearrows.code.te
x
File: pgfcorearrows.code.tex 2015/05/14  (rcs-revision 1.43)
\pgfarrowsep=\dimen142
)
(/usr/share/texlive/texmf-dist/tex/generic/pgf/basiclayer/pgfcoreshade.code.tex
File: pgfcoreshade.code.tex 2013/07/15  (rcs-revision 1.15)
\pgf@max=\dimen143
\pgf@sys@shading@range@num=\count101
)
(/usr/share/texlive/texmf-dist/tex/generic/pgf/basiclayer/pgfcoreimage.code.tex
File: pgfcoreimage.code.tex 2013/07/15  (rcs-revision 1.18)

(/usr/share/texlive/texmf-dist/tex/generic/pgf/basiclayer/pgfcoreexternal.code.
tex
File: pgfcoreexternal.code.tex 2014/07/09  (rcs-revision 1.21)
\pgfexternal@startupbox=\box32
))
(/usr/share/texlive/texmf-dist/tex/generic/pgf/basiclayer/pgfcorelayers.code.te
x
File: pgfcorelayers.code.tex 2013/07/18  (rcs-revision 1.7)
)
(/usr/share/texlive/texmf-dist/tex/generic/pgf/basiclayer/pgfcoretransparency.c
ode.tex
File: pgfcoretransparency.code.tex 2013/09/30  (rcs-revision 1.5)
)
(/usr/share/texlive/texmf-dist/tex/generic/pgf/basiclayer/pgfcorepatterns.code.
tex
File: pgfcorepatterns.code.tex 2013/11/07  (rcs-revision 1.5)
)))
(/usr/share/texlive/texmf-dist/tex/generic/pgf/modules/pgfmoduleshapes.code.tex
File: pgfmoduleshapes.code.tex 2014/03/21  (rcs-revision 1.35)
\pgfnodeparttextbox=\box33
) (/usr/share/texlive/texmf-dist/tex/generic/pgf/modules/pgfmoduleplot.code.tex
File: pgfmoduleplot.code.tex 2015/08/03  (rcs-revision 1.13)
)
(/usr/share/texlive/texmf-dist/tex/latex/pgf/compatibility/pgfcomp-version-0-65
.sty
Package: pgfcomp-version-0-65 2007/07/03 v3.0.1a (rcs-revision 1.7)
\pgf@nodesepstart=\dimen144
\pgf@nodesepend=\dimen145
)
(/usr/share/texlive/texmf-dist/tex/latex/pgf/compatibility/pgfcomp-version-1-18
.sty
Package: pgfcomp-version-1-18 2007/07/23 v3.0.1a (rcs-revision 1.1)
)) (/usr/share/texlive/texmf-dist/tex/latex/pgf/utilities/pgffor.sty
(/usr/share/texlive/texmf-dist/tex/latex/pgf/utilities/pgfkeys.sty
(/usr/share/texlive/texmf-dist/tex/generic/pgf/utilities/pgfkeys.code.tex))
(/usr/share/texlive/texmf-dist/tex/latex/pgf/math/pgfmath.sty
(/usr/share/texlive/texmf-dist/tex/generic/pgf/math/pgfmath.code.tex))
(/usr/share/texlive/texmf-dist/tex/generic/pgf/utilities/pgffor.code.tex
Package: pgffor 2013/12/13 v3.0.1a (rcs-revision 1.25)

(/usr/share/texlive/texmf-dist/tex/generic/pgf/math/pgfmath.code.tex)
\pgffor@iter=\dimen146
\pgffor@skip=\dimen147
\pgffor@stack=\toks27
\pgffor@toks=\toks28
))
(/usr/share/texlive/texmf-dist/tex/generic/pgf/frontendlayer/tikz/tikz.code.tex
Package: tikz 2015/08/07 v3.0.1a (rcs-revision 1.151)

(/usr/share/texlive/texmf-dist/tex/generic/pgf/libraries/pgflibraryplothandlers
.code.tex
File: pgflibraryplothandlers.code.tex 2013/08/31 v3.0.1a (rcs-revision 1.20)
\pgf@plot@mark@count=\count102
\pgfplotmarksize=\dimen148
)
\tikz@lastx=\dimen149
\tikz@lasty=\dimen150
\tikz@lastxsaved=\dimen151
\tikz@lastysaved=\dimen152
\tikzleveldistance=\dimen153
\tikzsiblingdistance=\dimen154
\tikz@figbox=\box34
\tikz@figbox@bg=\box35
\tikz@tempbox=\box36
\tikz@tempbox@bg=\box37
\tikztreelevel=\count103
\tikznumberofchildren=\count104
\tikznumberofcurrentchild=\count105
\tikz@fig@count=\count106

(/usr/share/texlive/texmf-dist/tex/generic/pgf/modules/pgfmodulematrix.code.tex
File: pgfmodulematrix.code.tex 2013/09/17  (rcs-revision 1.8)
\pgfmatrixcurrentrow=\count107
\pgfmatrixcurrentcolumn=\count108
\pgf@matrix@numberofcolumns=\count109
)
\tikz@expandcount=\count110

(/usr/share/texlive/texmf-dist/tex/generic/pgf/frontendlayer/tikz/libraries/tik
zlibrarytopaths.code.tex
File: tikzlibrarytopaths.code.tex 2008/06/17 v3.0.1a (rcs-revision 1.2)
)))
(/usr/share/texlive/texmf-dist/tex/latex/pgf/frontendlayer/libraries/tikzlibrar
yexternal.code.tex
(/usr/share/texlive/texmf-dist/tex/generic/oberdiek/pdftexcmds.sty
Package: pdftexcmds 2011/11/29 v0.20 Utility functions of pdfTeX for LuaTeX (HO
)

(/usr/share/texlive/texmf-dist/tex/generic/oberdiek/infwarerr.sty
Package: infwarerr 2010/04/08 v1.3 Providing info/warning/error messages (HO)
)
(/usr/share/texlive/texmf-dist/tex/generic/oberdiek/ifluatex.sty
Package: ifluatex 2010/03/01 v1.3 Provides the ifluatex switch (HO)
Package ifluatex Info: LuaTeX not detected.
)
(/usr/share/texlive/texmf-dist/tex/generic/oberdiek/ltxcmds.sty
Package: ltxcmds 2011/11/09 v1.22 LaTeX kernel commands for general use (HO)
)
(/usr/share/texlive/texmf-dist/tex/generic/oberdiek/ifpdf.sty
Package: ifpdf 2011/01/30 v2.3 Provides the ifpdf switch (HO)
Package ifpdf Info: pdfTeX in PDF mode is not detected.
)
Package pdftexcmds Info: LuaTeX not detected.
Package pdftexcmds Info: \pdf@primitive is available.
Package pdftexcmds Info: \pdf@ifprimitive is available.
Package pdftexcmds Info: \pdfdraftmode is ignored in DVI mode.
)
(/usr/share/texlive/texmf-dist/tex/generic/pgf/frontendlayer/tikz/libraries/tik
zexternalshared.code.tex))
(/usr/share/texlive/texmf-dist/tex/latex/enumitem/enumitem.sty
Package: enumitem 2011/09/28 v3.5.2 Customized lists
\labelindent=\skip46
\enit@outerparindent=\dimen155
\enit@toks=\toks29
\enit@inbox=\box38
\enitdp@description=\count111
)
(/usr/share/texlive/texmf-dist/tex/latex/titlesec/titlesec.sty
Package: titlesec 2016/03/15 v2.10.1 Sectioning titles
\ttl@box=\box39
\beforetitleunit=\skip47
\aftertitleunit=\skip48
\ttl@plus=\dimen156
\ttl@minus=\dimen157
\ttl@toksa=\toks30
\titlewidth=\dimen158
\titlewidthlast=\dimen159
\titlewidthfirst=\dimen160

(/usr/share/texlive/texmf-dist/tex/latex/titlesec/ttlps.def
File: ttlps.def 2016/03/15
))
(/usr/share/texlive/texmf-dist/tex/latex/titlesec/titletoc.sty
Package: titletoc 2011/12/15 v1.6 TOC entries
\ttl@leftsep=\dimen161
)
(/usr/share/texlive/texmf-dist/tex/latex/titling/titling.sty
Package: titling 2009/09/04 v2.1d maketitle typesetting
\thanksmarkwidth=\skip49
\thanksmargin=\skip50
\droptitle=\skip51
)
(/usr/share/texlive/texmf-dist/tex/latex/url/url.sty
\Urlmuskip=\muskip10
Package: url 2013/09/16  ver 3.4  Verb mode for urls, etc.
)
(/usr/share/texlive/texmf-dist/tex/latex/pgfplots/pgfplots.sty
(/usr/share/texlive/texmf-dist/tex/generic/pgfplots/pgfplots.revision.tex)
Package: pgfplots 2016/01/06 v1.13 Data Visualization (1.13)

(/usr/share/texlive/texmf-dist/tex/generic/pgfplots/pgfplots.code.tex
(/usr/share/texlive/texmf-dist/tex/generic/pgfplots/pgfplotscore.code.tex
\t@pgfplots@toka=\toks31
\t@pgfplots@tokb=\toks32
\t@pgfplots@tokc=\toks33
\pgfplots@tmpa=\dimen162
\c@pgfplots@coordindex=\count112
\c@pgfplots@scanlineindex=\count113

(/usr/share/texlive/texmf-dist/tex/generic/pgfplots/sys/pgfplotssysgeneric.code
.tex))
(/usr/share/texlive/texmf-dist/tex/generic/pgfplots/libs/pgfplotslibrary.code.t
ex)
(/usr/share/texlive/texmf-dist/tex/generic/pgfplots/oldpgfcompatib/pgfplotsoldp
gfsupp_loader.code.tex
(/usr/share/texlive/texmf-dist/tex/generic/pgf/libraries/pgflibraryfpu.code.tex
)
Package pgfplots: loading complementary arithmetics for your pgf version...

(/usr/share/texlive/texmf-dist/tex/generic/pgfplots/oldpgfcompatib/pgfplotsoldp
gfsupp_pgflibraryfpu.code.tex)
(/usr/share/texlive/texmf-dist/tex/generic/pgfplots/oldpgfcompatib/pgfplotsoldp
gfsupp_pgfmathfloat.code.tex
\c@pgfmathroundto@lastzeros=\count114
))
(/usr/share/texlive/texmf-dist/tex/generic/pgfplots/util/pgfplotsutil.code.tex
(/usr/share/texlive/texmf-dist/tex/generic/pgfplots/liststructure/pgfplotslists
tructure.code.tex)
(/usr/share/texlive/texmf-dist/tex/generic/pgfplots/liststructure/pgfplotslists
tructureext.code.tex)
(/usr/share/texlive/texmf-dist/tex/generic/pgfplots/liststructure/pgfplotsarray
.code.tex
\c@pgfplotsarray@tmp=\count115
)
(/usr/share/texlive/texmf-dist/tex/generic/pgfplots/liststructure/pgfplotsmatri
x.code.tex)
(/usr/share/texlive/texmf-dist/tex/generic/pgfplots/numtable/pgfplotstableshare
d.code.tex
\c@pgfplotstable@counta=\count116
\t@pgfplotstable@a=\toks34
)
(/usr/share/texlive/texmf-dist/tex/generic/pgfplots/liststructure/pgfplotsdeque
.code.tex)
(/usr/share/texlive/texmf-dist/tex/generic/pgfplots/util/pgfplotsbinary.code.te
x
(/usr/share/texlive/texmf-dist/tex/generic/pgfplots/util/pgfplotsbinary.data.co
de.tex))
(/usr/share/texlive/texmf-dist/tex/generic/pgfplots/util/pgfplotsutil.verb.code
.tex)
(/usr/share/texlive/texmf-dist/tex/generic/pgfplots/libs/pgflibrarypgfplots.sur
fshading.code.tex
\c@pgfplotslibrarysurf@no=\count117
))
(/usr/share/texlive/texmf-dist/tex/generic/pgfplots/util/pgfplotscolormap.code.
tex
(/usr/share/texlive/texmf-dist/tex/generic/pgfplots/util/pgfplotscolor.code.tex
))
(/usr/share/texlive/texmf-dist/tex/generic/pgfplots/pgfplotsstackedplots.code.t
ex)
(/usr/share/texlive/texmf-dist/tex/generic/pgfplots/pgfplotsplothandlers.code.t
ex
(/usr/share/texlive/texmf-dist/tex/generic/pgfplots/pgfplotsmeshplothandler.cod
e.tex
(/usr/share/texlive/texmf-dist/tex/generic/pgfplots/pgfplotsmeshplotimage.code.
tex)))
(/usr/share/texlive/texmf-dist/tex/generic/pgfplots/pgfplots.scaling.code.tex)
(/usr/share/texlive/texmf-dist/tex/generic/pgfplots/pgfplotscoordprocessing.cod
e.tex)
(/usr/share/texlive/texmf-dist/tex/generic/pgfplots/pgfplots.errorbars.code.tex
) (/usr/share/texlive/texmf-dist/tex/generic/pgfplots/pgfplots.markers.code.tex
) (/usr/share/texlive/texmf-dist/tex/generic/pgfplots/pgfplotsticks.code.tex)
(/usr/share/texlive/texmf-dist/tex/generic/pgfplots/pgfplots.paths.code.tex)
(/usr/share/texlive/texmf-dist/tex/generic/pgf/frontendlayer/tikz/libraries/tik
zlibrarydecorations.code.tex
(/usr/share/texlive/texmf-dist/tex/generic/pgf/modules/pgfmoduledecorations.cod
e.tex
\pgfdecoratedcompleteddistance=\dimen163
\pgfdecoratedremainingdistance=\dimen164
\pgfdecoratedinputsegmentcompleteddistance=\dimen165
\pgfdecoratedinputsegmentremainingdistance=\dimen166
\pgf@decorate@distancetomove=\dimen167
\pgf@decorate@repeatstate=\count118
\pgfdecorationsegmentamplitude=\dimen168
\pgfdecorationsegmentlength=\dimen169
)
\tikz@lib@dec@box=\box40
)
(/usr/share/texlive/texmf-dist/tex/generic/pgf/frontendlayer/tikz/libraries/tik
zlibrarydecorations.pathmorphing.code.tex
(/usr/share/texlive/texmf-dist/tex/generic/pgf/libraries/decorations/pgflibrary
decorations.pathmorphing.code.tex))
(/usr/share/texlive/texmf-dist/tex/generic/pgf/frontendlayer/tikz/libraries/tik
zlibrarydecorations.pathreplacing.code.tex
(/usr/share/texlive/texmf-dist/tex/generic/pgf/libraries/decorations/pgflibrary
decorations.pathreplacing.code.tex))
\pgfplots@numplots=\count119
\pgfplots@xmin@reg=\dimen170
\pgfplots@xmax@reg=\dimen171
\pgfplots@ymin@reg=\dimen172
\pgfplots@ymax@reg=\dimen173
\pgfplots@zmin@reg=\dimen174
\pgfplots@zmax@reg=\dimen175
)
(/usr/share/texlive/texmf-dist/tex/generic/pgf/frontendlayer/tikz/libraries/tik
zlibraryplotmarks.code.tex
File: tikzlibraryplotmarks.code.tex 2008/01/09 v3.0.1a (rcs-revision 1.1)

(/usr/share/texlive/texmf-dist/tex/generic/pgf/libraries/pgflibraryplotmarks.co
de.tex
File: pgflibraryplotmarks.code.tex 2015/08/03 v3.0.1a (rcs-revision 1.14)
)))
(/usr/share/texlive/texmf-dist/tex/generic/pgfplots/libs/tikzlibrarypgfplots.gr
oupplots.code.tex
\pgfplots@group@current@plot=\count120
\pgfplots@group@current@row=\count121
\pgfplots@group@current@column=\count122

(/usr/share/texlive/texmf-dist/tex/generic/pgf/frontendlayer/tikz/libraries/tik
zlibrarycalc.code.tex
File: tikzlibrarycalc.code.tex 2013/07/15 v3.0.1a (rcs-revision 1.9)
))
(/usr/share/texlive/texmf-dist/tex/latex/fancyvrb/fancyvrb.sty
Package: fancyvrb 2008/02/07

Style option: `fancyvrb' v2.7a, with DG/SPQR fixes, and firstline=lastline fix 
<2008/02/07> (tvz)
\FV@CodeLineNo=\count123
\FV@InFile=\read2
\FV@TabBox=\box41
\c@FancyVerbLine=\count124
\FV@StepNumber=\count125
\FV@OutFile=\write4
)
(/usr/share/texlive/texmf-dist/tex/latex/environ/environ.sty
Package: environ 2014/05/04 v0.3 A new way to define environments

(/usr/share/texlive/texmf-dist/tex/latex/trimspaces/trimspaces.sty
Package: trimspaces 2009/09/17 v1.1 Trim spaces around a token list
)
\@envbody=\toks35
)
(/usr/share/texlive/texmf-dist/tex/latex/amsfonts/amssymb.sty
Package: amssymb 2013/01/14 v3.01 AMS font symbols

(/usr/share/texlive/texmf-dist/tex/latex/amsfonts/amsfonts.sty
Package: amsfonts 2013/01/14 v3.01 Basic AMSFonts support
\@emptytoks=\toks36
\symAMSa=\mathgroup4
\symAMSb=\mathgroup5
LaTeX Font Info:    Overwriting math alphabet `\mathfrak' in version `bold'
(Font)                  U/euf/m/n --> U/euf/b/n on input line 106.
))
(/usr/share/texlive/texmf-dist/tex/latex/amsmath/amsmath.sty
Package: amsmath 2016/03/03 v2.15a AMS math features
\@mathmargin=\skip52

For additional information on amsmath, use the `?' option.
(/usr/share/texlive/texmf-dist/tex/latex/amsmath/amstext.sty
Package: amstext 2000/06/29 v2.01 AMS text

(/usr/share/texlive/texmf-dist/tex/latex/amsmath/amsgen.sty
File: amsgen.sty 1999/11/30 v2.0 generic functions
\@emptytoks=\toks37
\ex@=\dimen176
))
(/usr/share/texlive/texmf-dist/tex/latex/amsmath/amsbsy.sty
Package: amsbsy 1999/11/29 v1.2d Bold Symbols
\pmbraise@=\dimen177
)
(/usr/share/texlive/texmf-dist/tex/latex/amsmath/amsopn.sty
Package: amsopn 1999/12/14 v2.01 operator names
)
\inf@bad=\count126
LaTeX Info: Redefining \frac on input line 199.
\uproot@=\count127
\leftroot@=\count128
LaTeX Info: Redefining \overline on input line 297.
\classnum@=\count129
\DOTSCASE@=\count130
LaTeX Info: Redefining \ldots on input line 394.
LaTeX Info: Redefining \dots on input line 397.
LaTeX Info: Redefining \cdots on input line 518.
\Mathstrutbox@=\box42
\strutbox@=\box43
\big@size=\dimen178
LaTeX Font Info:    Redeclaring font encoding OML on input line 630.
LaTeX Font Info:    Redeclaring font encoding OMS on input line 631.
\macc@depth=\count131
\c@MaxMatrixCols=\count132
\dotsspace@=\muskip11
\c@parentequation=\count133
\dspbrk@lvl=\count134
\tag@help=\toks38
\row@=\count135
\column@=\count136
\maxfields@=\count137
\andhelp@=\toks39
\eqnshift@=\dimen179
\alignsep@=\dimen180
\tagshift@=\dimen181
\tagwidth@=\dimen182
\totwidth@=\dimen183
\lineht@=\dimen184
\@envbody=\toks40
\multlinegap=\skip53
\multlinetaggap=\skip54
\mathdisplay@stack=\toks41
LaTeX Info: Redefining \[ on input line 2735.
LaTeX Info: Redefining \] on input line 2736.
)
(/usr/share/texlive/texmf-dist/tex/latex/amscls/amsthm.sty
Package: amsthm 2015/03/04 v2.20.2
\thm@style=\toks42
\thm@bodyfont=\toks43
\thm@headfont=\toks44
\thm@notefont=\toks45
\thm@headpunct=\toks46
\thm@preskip=\skip55
\thm@postskip=\skip56
\thm@headsep=\skip57
\dth@everypar=\toks47
)
(/usr/share/texlive/texmf-dist/tex/latex/xifthen/xifthen.sty
Package: xifthen 2015/11/05 v1.4.0 Extended ifthen features

(/usr/share/texlive/texmf-dist/tex/latex/tools/calc.sty
Package: calc 2014/10/28 v4.3 Infix arithmetic (KKT,FJ)
\calc@Acount=\count138
\calc@Bcount=\count139
\calc@Adimen=\dimen185
\calc@Bdimen=\dimen186
\calc@Askip=\skip58
\calc@Bskip=\skip59
LaTeX Info: Redefining \setlength on input line 80.
LaTeX Info: Redefining \addtolength on input line 81.
\calc@Ccount=\count140
\calc@Cskip=\skip60
)
(/usr/share/texlive/texmf-dist/tex/latex/base/ifthen.sty
Package: ifthen 2014/09/29 v1.1c Standard LaTeX ifthen package (DPC)
)
(/usr/share/texlive/texmf-dist/tex/latex/ifmtarg/ifmtarg.sty
Package: ifmtarg 2009/09/02 v1.2a check for an empty argument
))
(/usr/share/texlive/texmf-dist/tex/latex/multido/multido.sty
Package: multido 2004/05/17 package wrapper for PSTricks `multido.tex', (HV/RN)


(/usr/share/texlive/texmf-dist/tex/generic/multido/multido.tex
 v1.42, 2010/05/14 <tvz>
\multido@count=\count141
\multidocount=\count142
\multido@stuff=\toks48
)
File: multido.tex 2010/05/14 v1.42 `multido' (tvz,hv)
)
(/usr/share/texlive/texmf-dist/tex/latex/listings/listings.sty
\lst@mode=\count143
\lst@gtempboxa=\box44
\lst@token=\toks49
\lst@length=\count144
\lst@currlwidth=\dimen187
\lst@column=\count145
\lst@pos=\count146
\lst@lostspace=\dimen188
\lst@width=\dimen189
\lst@newlines=\count147
\lst@lineno=\count148
\lst@maxwidth=\dimen190

(/usr/share/texlive/texmf-dist/tex/latex/listings/lstmisc.sty
File: lstmisc.sty 2015/06/04 1.6 (Carsten Heinz)
\c@lstnumber=\count149
\lst@skipnumbers=\count150
\lst@framebox=\box45
)
(/usr/share/texlive/texmf-dist/tex/latex/listings/listings.cfg
File: listings.cfg 2015/06/04 1.6 listings configuration
))
Package: listings 2015/06/04 1.6 (Carsten Heinz)

(/usr/share/texlive/texmf-dist/tex/latex/mdframed/mdframed.sty
Package: mdframed 2013/07/01 1.9b: mdframed

(/usr/share/texlive/texmf-dist/tex/latex/oberdiek/kvoptions.sty
Package: kvoptions 2011/06/30 v3.11 Key value format for package options (HO)

(/usr/share/texlive/texmf-dist/tex/generic/oberdiek/kvsetkeys.sty
Package: kvsetkeys 2012/04/25 v1.16 Key value parser (HO)

(/usr/share/texlive/texmf-dist/tex/generic/oberdiek/etexcmds.sty
Package: etexcmds 2011/02/16 v1.5 Avoid name clashes with e-TeX commands (HO)
Package etexcmds Info: Could not find \expanded.
(etexcmds)             That can mean that you are not using pdfTeX 1.50 or
(etexcmds)             that some package has redefined \expanded.
(etexcmds)             In the latter case, load this package earlier.
)))
(/usr/share/texlive/texmf-dist/tex/latex/l3packages/xparse/xparse.sty
(/usr/share/texlive/texmf-dist/tex/latex/l3kernel/expl3.sty
Package: expl3 2016/01/19 v6377 L3 programming layer (loader) 

(/usr/share/texlive/texmf-dist/tex/latex/l3kernel/expl3-code.tex
Package: expl3 2016/01/19 v6377 L3 programming layer (code)
L3 Module: l3bootstrap 2016/01/01 v6339 L3 Bootstrap code
L3 Module: l3names 2015/12/21 v6328 L3 Namespace for primitives
L3 Module: l3basics 2015/11/22 v6315 L3 Basic definitions
L3 Module: l3expan 2015/09/10 v5983 L3 Argument expansion
L3 Module: l3tl 2015/09/29 v6121 L3 Token lists
L3 Module: l3str 2016/01/03 v6357 L3 Strings
L3 Module: l3seq 2015/08/05 v5777 L3 Sequences and stacks
L3 Module: l3int 2016/01/05 v6366 L3 Integers
\c_max_int=\count151
\l_tmpa_int=\count152
\l_tmpb_int=\count153
\g_tmpa_int=\count154
\g_tmpb_int=\count155
L3 Module: l3quark 2015/08/17 v5855 L3 Quarks
L3 Module: l3prg 2015/11/01 v6216 L3 Control structures
\g__prg_map_int=\count156
L3 Module: l3clist 2015/09/02 v5901 L3 Comma separated lists
L3 Module: l3token 2015/11/11 v6249 L3 Experimental token manipulation
L3 Module: l3prop 2016/01/05 v6366 L3 Property lists
L3 Module: l3msg 2015/09/28 v6113 L3 Messages
L3 Module: l3file 2015/12/03 v6317 L3 File and I/O operations
\l_iow_line_count_int=\count157
\l__iow_target_count_int=\count158
\l__iow_current_line_int=\count159
\l__iow_current_word_int=\count160
\l__iow_current_indentation_int=\count161
L3 Module: l3skip 2016/01/05 v6366 L3 Dimensions and skips
\c_zero_dim=\dimen191
\c_max_dim=\dimen192
\l_tmpa_dim=\dimen193
\l_tmpb_dim=\dimen194
\g_tmpa_dim=\dimen195
\g_tmpb_dim=\dimen196
\c_zero_skip=\skip61
\c_max_skip=\skip62
\l_tmpa_skip=\skip63
\l_tmpb_skip=\skip64
\g_tmpa_skip=\skip65
\g_tmpb_skip=\skip66
\c_zero_muskip=\muskip12
\c_max_muskip=\muskip13
\l_tmpa_muskip=\muskip14
\l_tmpb_muskip=\muskip15
\g_tmpa_muskip=\muskip16
\g_tmpb_muskip=\muskip17
L3 Module: l3keys 2015/11/17 v6284 L3 Key-value interfaces
\g__keyval_level_int=\count162
\l_keys_choice_int=\count163
L3 Module: l3fp 2015/08/25 v5890 L3 Floating points
\c__fp_leading_shift_int=\count164
\c__fp_middle_shift_int=\count165
\c__fp_trailing_shift_int=\count166
\c__fp_big_leading_shift_int=\count167
\c__fp_big_middle_shift_int=\count168
\c__fp_big_trailing_shift_int=\count169
\c__fp_Bigg_leading_shift_int=\count170
\c__fp_Bigg_middle_shift_int=\count171
\c__fp_Bigg_trailing_shift_int=\count172
L3 Module: l3box 2015/08/09 v5822 L3 Experimental boxes
\c_empty_box=\box46
\l_tmpa_box=\box47
\l_tmpb_box=\box48
\g_tmpa_box=\box49
\g_tmpb_box=\box50
L3 Module: l3coffins 2015/08/06 v5789 L3 Coffin code layer
\l__coffin_internal_box=\box51
\l__coffin_internal_dim=\dimen197
\l__coffin_offset_x_dim=\dimen198
\l__coffin_offset_y_dim=\dimen199
\l__coffin_x_dim=\dimen256
\l__coffin_y_dim=\dimen257
\l__coffin_x_prime_dim=\dimen258
\l__coffin_y_prime_dim=\dimen259
\c_empty_coffin=\box52
\l__coffin_aligned_coffin=\box53
\l__coffin_aligned_internal_coffin=\box54
\l_tmpa_coffin=\box55
\l_tmpb_coffin=\box56
\l__coffin_display_coffin=\box57
\l__coffin_display_coord_coffin=\box58
\l__coffin_display_pole_coffin=\box59
\l__coffin_display_offset_dim=\dimen260
\l__coffin_display_x_dim=\dimen261
\l__coffin_display_y_dim=\dimen262
L3 Module: l3color 2014/08/23 v5354 L3 Experimental color support
L3 Module: l3sys 2015/09/25 v6087 L3 Experimental system/runtime functions
L3 Module: l3candidates 2016/01/14 v6376 L3 Experimental additions to l3kernel
\l__box_top_dim=\dimen263
\l__box_bottom_dim=\dimen264
\l__box_left_dim=\dimen265
\l__box_right_dim=\dimen266
\l__box_top_new_dim=\dimen267
\l__box_bottom_new_dim=\dimen268
\l__box_left_new_dim=\dimen269
\l__box_right_new_dim=\dimen270
\l__box_internal_box=\box60
\l__coffin_bounding_shift_dim=\dimen271
\l__coffin_left_corner_dim=\dimen272
\l__coffin_right_corner_dim=\dimen273
\l__coffin_bottom_corner_dim=\dimen274
\l__coffin_top_corner_dim=\dimen275
\l__coffin_scaled_total_height_dim=\dimen276
\l__coffin_scaled_width_dim=\dimen277
L3 Module: l3luatex 2015/11/11 v6250 L3 Experimental LuaTeX-specific functions
)
(/usr/share/texlive/texmf-dist/tex/latex/l3kernel/l3dvips.def
File: l3dvips.def 2015/11/11 v6250 L3 Experimental driver: dvips
))
Package: xparse 2016/01/19 v6377 L3 Experimental document command parser
\l__xparse_current_arg_int=\count173
\l__xparse_m_args_int=\count174
\l__xparse_mandatory_args_int=\count175
\l__xparse_processor_int=\count176
\l__xparse_v_nesting_int=\count177
)
(/usr/share/texlive/texmf-dist/tex/latex/etoolbox/etoolbox.sty
Package: etoolbox 2015/08/02 v2.2a e-TeX tools for LaTeX (JAW)
\etb@tempcnta=\count178
)
(/usr/share/texlive/texmf-dist/tex/latex/oberdiek/zref-abspage.sty
Package: zref-abspage 2012/04/04 v2.24 Module abspage for zref (HO)

(/usr/share/texlive/texmf-dist/tex/latex/oberdiek/zref-base.sty
Package: zref-base 2012/04/04 v2.24 Module base for zref (HO)

(/usr/share/texlive/texmf-dist/tex/generic/oberdiek/kvdefinekeys.sty
Package: kvdefinekeys 2011/04/07 v1.3 Define keys (HO)
)
(/usr/share/texlive/texmf-dist/tex/latex/oberdiek/auxhook.sty
Package: auxhook 2011/03/04 v1.3 Hooks for auxiliary files (HO)
)
Package zref Info: New property list: main on input line 759.
Package zref Info: New property: default on input line 760.
Package zref Info: New property: page on input line 761.
)
(/usr/share/texlive/texmf-dist/tex/generic/oberdiek/atbegshi.sty
Package: atbegshi 2011/10/05 v1.16 At begin shipout hook (HO)
)
\c@abspage=\count179
Package zref Info: New property: abspage on input line 62.
)
(/usr/share/texlive/texmf-dist/tex/latex/needspace/needspace.sty
Package: needspace 2010/09/12 v1.3d reserve vertical space
)
\mdf@templength=\skip67
\c@mdf@globalstyle@cnt=\count180
\mdf@skipabove@length=\skip68
\mdf@skipbelow@length=\skip69
\mdf@leftmargin@length=\skip70
\mdf@rightmargin@length=\skip71
\mdf@innerleftmargin@length=\skip72
\mdf@innerrightmargin@length=\skip73
\mdf@innertopmargin@length=\skip74
\mdf@innerbottommargin@length=\skip75
\mdf@splittopskip@length=\skip76
\mdf@splitbottomskip@length=\skip77
\mdf@outermargin@length=\skip78
\mdf@innermargin@length=\skip79
\mdf@linewidth@length=\skip80
\mdf@innerlinewidth@length=\skip81
\mdf@middlelinewidth@length=\skip82
\mdf@outerlinewidth@length=\skip83
\mdf@roundcorner@length=\skip84
\mdf@footenotedistance@length=\skip85
\mdf@userdefinedwidth@length=\skip86
\mdf@needspace@length=\skip87
\mdf@frametitleaboveskip@length=\skip88
\mdf@frametitlebelowskip@length=\skip89
\mdf@frametitlerulewidth@length=\skip90
\mdf@frametitleleftmargin@length=\skip91
\mdf@frametitlerightmargin@length=\skip92
\mdf@shadowsize@length=\skip93
\mdf@extratopheight@length=\skip94
\mdf@subtitleabovelinewidth@length=\skip95
\mdf@subtitlebelowlinewidth@length=\skip96
\mdf@subtitleaboveskip@length=\skip97
\mdf@subtitlebelowskip@length=\skip98
\mdf@subtitleinneraboveskip@length=\skip99
\mdf@subtitleinnerbelowskip@length=\skip100
\mdf@subsubtitleabovelinewidth@length=\skip101
\mdf@subsubtitlebelowlinewidth@length=\skip102
\mdf@subsubtitleaboveskip@length=\skip103
\mdf@subsubtitlebelowskip@length=\skip104
\mdf@subsubtitleinneraboveskip@length=\skip105
\mdf@subsubtitleinnerbelowskip@length=\skip106

(/usr/share/texlive/texmf-dist/tex/latex/mdframed/md-frame-1.mdf
File: md-frame-1.mdf 2013/07/01\ 1.9b: md-frame-1
)
\mdf@frametitlebox=\box61
\mdf@footnotebox=\box62
\mdf@splitbox@one=\box63
\mdf@splitbox@two=\box64
\mdf@splitbox@save=\box65
\mdfsplitboxwidth=\skip107
\mdfsplitboxtotalwidth=\skip108
\mdfsplitboxheight=\skip109
\mdfsplitboxdepth=\skip110
\mdfsplitboxtotalheight=\skip111
\mdfframetitleboxwidth=\skip112
\mdfframetitleboxtotalwidth=\skip113
\mdfframetitleboxheight=\skip114
\mdfframetitleboxdepth=\skip115
\mdfframetitleboxtotalheight=\skip116
\mdffootnoteboxwidth=\skip117
\mdffootnoteboxtotalwidth=\skip118
\mdffootnoteboxheight=\skip119
\mdffootnoteboxdepth=\skip120
\mdffootnoteboxtotalheight=\skip121
\mdftotallinewidth=\skip122
\mdfboundingboxwidth=\skip123
\mdfboundingboxtotalwidth=\skip124
\mdfboundingboxheight=\skip125
\mdfboundingboxdepth=\skip126
\mdfboundingboxtotalheight=\skip127
\mdf@freevspace@length=\skip128
\mdf@horizontalwidthofbox@length=\skip129
\mdf@verticalmarginwhole@length=\skip130
\mdf@horizontalspaceofbox=\skip131
\mdfsubtitleheight=\skip132
\mdfsubsubtitleheight=\skip133
\c@mdfcountframes=\count181

****** mdframed patching \endmdf@trivlist

****** -- success******

.................................................
. LaTeX info: "xparse/define-command"
. 
. Defining command \newmdtheoremenv with sig. 'O{} m o m o ' on line 601.
.................................................
.................................................
. LaTeX info: "xparse/define-command"
. 
. Defining command \mdtheorem with sig. ' O{} m o m o ' on line 701.
.................................................
\mdf@envdepth=\count182
\c@mdf@env@i=\count183
\c@mdf@env@ii=\count184
\c@mdf@zref@counter=\count185
Package zref Info: New property: mdf@pagevalue on input line 895.
)
(/usr/share/texlive/texmf-dist/tex/latex/comment/comment.sty
\CommentStream=\write5

Excluding comment 'comment')
\c@titlenumber=\count186
\c@sectiontitlenumber=\count187
\c@theorem=\count188
\c@algorithm=\count189
\c@axiom=\count190
\c@claim=\count191
\c@conclusion=\count192
\c@condition=\count193
\c@conjecture=\count194
\c@corollary=\count195
\c@criterion=\count196
\c@definition=\count197
\c@example=\count198
\c@fact=\count199
\c@idea=\count266
\c@lemma=\count267
\c@model=\count268
\c@notation=\count269
\c@observation=\count270
\c@paradox=\count271
\c@procedure=\count272
\c@proposition=\count273
\c@remark=\count274
\c@summary=\count275
\c@template=\count276
\c@warning=\count277
 Excluding comment 'matrixAnswer'
\c@track@Problem=\count278
\c@shuffle@Count=\count279
\c@problem=\count280
\c@problemType=\count281
)
(/usr/share/texmf/tex/generic/tex4ht/tex4ht.sty
version 2008-10-27-17:23
Package: tex4ht 
--------------------------------------
--- Note --- for _ at preamble, use the command line option `early_'
--------------------------------------
--------------------------------------
--- Note --- for ^ at preamble, use the command line option `early^'
--------------------------------------
\tmp:toks=\toks50
)
(/usr/share/texmf/tex/generic/tex4ht/usepackage.4ht
version 2009-05-21-09:32
)
(/home/xronosadmin/texmf/tex/latex/ximeraLatex/UF sty files/PackageLoader.sty
Package: PackageLoader 
\c@Total@Question=\count282

(/usr/share/texlive/texmf-dist/tex/latex/tools/verbatim.sty
Package: verbatim 2014/10/28 v1.5q LaTeX2e package for verbatim enhancements
\every@verbatim=\toks51
\verbatim@line=\toks52
\verbatim@in@stream=\read3
)
(/usr/share/texlive/texmf-dist/tex/latex/geometry/geometry.sty
Package: geometry 2010/09/12 v5.6 Page Geometry

(/usr/share/texlive/texmf-dist/tex/generic/oberdiek/ifvtex.sty
Package: ifvtex 2010/03/01 v1.5 Detect VTeX and its facilities (HO)
Package ifvtex Info: VTeX not detected.
)
(/usr/share/texlive/texmf-dist/tex/generic/ifxetex/ifxetex.sty
Package: ifxetex 2010/09/12 v0.6 Provides ifxetex conditional
)
\Gm@cnth=\count283
\Gm@cntv=\count284
\c@Gm@tempcnt=\count285
\Gm@bindingoffset=\dimen278
\Gm@wd@mp=\dimen279
\Gm@odd@mp=\dimen280
\Gm@even@mp=\dimen281
\Gm@layoutwidth=\dimen282
\Gm@layoutheight=\dimen283
\Gm@layouthoffset=\dimen284
\Gm@layoutvoffset=\dimen285
\Gm@dimlist=\toks53
)
(/usr/share/texlive/texmf-dist/tex/latex/forloop/forloop.sty
Package: forloop 2006/09/18 v3.0 For Loops for LaTeX
)
(/home/xronosadmin/texmf/tex/latex/ximeraLatex/UF sty files/Filter.sty
.................................................
. LaTeX info: "xparse/define-command"
. 
. Defining command \set@StrictActiveTags with sig. 'm' on line 60.
.................................................
.................................................
. LaTeX info: "xparse/define-command"
. 
. Defining command \set@RelaxActiveTags with sig. 'm' on line 65.
.................................................
.................................................
. LaTeX info: "xparse/define-command"
. 
. Defining command \addTo@StrictActiveTags with sig. 'm' on line 75.
.................................................
.................................................
. LaTeX info: "xparse/define-command"
. 
. Defining command \addTo@RelaxActiveTags with sig. 'm' on line 86.
.................................................
.................................................
. LaTeX info: "xparse/define-command"
. 
. Defining command \tagged with sig. 'mm' on line 121.
.................................................
.................................................
. LaTeX info: "xparse/define-command"
. 
. Defining command \maketagsstrict with sig. '' on line 128.
.................................................
.................................................
. LaTeX info: "xparse/define-command"
. 
. Defining command \maketagssuperstrict with sig. '' on line 134.
.................................................
.................................................
. LaTeX info: "xparse/define-command"
. 
. Defining command \maketagsrelax with sig. '' on line 140.
.................................................
.................................................
. LaTeX info: "xparse/define-command"
. 
. Defining command \relaxtest with sig. 'mm' on line 153.
.................................................
)
(/home/xronosadmin/texmf/tex/latex/ximeraLatex/UF sty files/TagMasterList.sty))

(/home/xronosadmin/texmf/tex/latex/ximeraLatex/UF sty files/ProblemSelection.st
y
Package: ProblemSelection 
\c@Problem@MasterCounter=\count286
\c@Iteration@1=\count287
\c@Real@PullNumber=\count288
\c@Iteration@List=\count289
\c@Rnd@Quant=\count290
\c@Temp@Hold=\count291
\c@Temp@RandMe=\count292
\c@Rnd@EndQuant=\count293
\c@TEMP=\count294
\c@Colision@Chance=\count295
\c@Last@Question=\count296
\c@LogicChecks=\count297
\c@Pull@Queue=\count298
)
\c@testcounter=\count299
 (/home/xronosadmin/texmf/tex/latex/ximeraLatex/ximera.cfg
(/usr/share/texmf/tex/generic/tex4ht/tex4ht.4ht
version 2009-01-07-07:11
--------------------------------------
--- Note --- for additional information, use the command line option `info'
--------------------------------------

::::::::::::::::::::::::::::::::::::::::::
 TeX4ht info is available in the log file 
::::::::::::::::::::::::::::::::::::::::::
) (/usr/share/texmf/tex/generic/tex4ht/tex4ht.sty
version 2008-10-27-17:23

--- needs --- tex4ht Homework01 ---
\tmp:cnt=\count300
\openout15 = `Homework01.tmp'.

(./Homework01.tmp)
\tmp:dim=\skip134
 (./Homework01.xref)
\:refout=\write6
\openout6 = `Homework01.xref'.


(/usr/share/texmf/tex/generic/tex4ht/html4.4ht
version 2009-05-18-23:01
--------------------------------------
--- Note --- to remove the <?xml version=...?> processing instruction use the c
ommand line option `no-VERSION'
--------------------------------------
--------------------------------------
--- Note --- to remove the DOCTYPE declaration use the command line option `no-
DOCTYPE'
--------------------------------------
)
(/usr/share/texmf/tex/generic/tex4ht/html4-math.4ht
version 2009-05-18-23:01
)
--------------------------------------
--- Note --- for marking of the base font, use the command line option `fonts+'

--------------------------------------
--------------------------------------
--- Note --- for non active _, use the command line option `no_'
--------------------------------------
--------------------------------------
--- Note --- for _ of catcode 13, use the command line option `_13'
--------------------------------------
--------------------------------------
--- Note --- for non active ^, use the command line option `no^'
--------------------------------------
--------------------------------------
--- Note --- for ^ of catcode 13, use the command line option `^13'
--------------------------------------

(/usr/share/texmf/tex/generic/tex4ht/html4.4ht
version 2009-05-18-23:01
--------------------------------------
--- Note --- to ignore CSS font decoration, use the `NoFonts' command line opti
on
--------------------------------------
--------------------------------------
--- Note --- for jpg bitmaps of pictures, use the `jpg' command line option. (C
haracter bitmaps are controled only by `g' records of tex4ht.env and `-g' switc
hes of tex4ht.c) 
--------------------------------------
--------------------------------------
--- Note --- for gif bitmaps of pictures, use the `gif' command line option. (C
haracter bitmaps are controled only by `g' records of tex4ht.env and `-g' switc
hes of tex4ht.c) 
--------------------------------------
--------------------------------------
--- Note --- for content and toc in 2 frames, use the command line option `fram
es'
--------------------------------------
--------------------------------------
--- Note --- for content, toc, and footnotes in 3 frames, use the command line 
option `frames-fn'
--------------------------------------
--------------------------------------
--- Note --- for file extension name xht, use the command line option `xht'
--------------------------------------
TeX4ht package options: charset=utf-8,-css,html,xhtml
--------------------------------------
--- Note --- for pop ups on mouse over, use the command line option `mouseover'

--------------------------------------
--------------------------------------
--- Note --- for addressing images in a subdirectory, use the command line opti
on `imgdir:.../'
--------------------------------------
)
(/usr/share/texmf/tex/generic/tex4ht/html4-math.4ht
version 2009-05-18-23:01
)
\:tokwrite=\toks54
\:tokpage=\toks55
--------------------------------------
--- Note --- for back links to toc, use the command line option `sections+'
--------------------------------------
--------------------------------------
--- Note --- for linear crosslinks of pages, use the command line option `next'

--------------------------------------
\openout15 = `Homework01.4ct'.

\:tocout=\write7
\openout7 = `Homework01.4tc'.


(/usr/share/texmf/tex/generic/tex4ht/html4.4ht
version 2009-05-18-23:01
)
(/usr/share/texmf/tex/generic/tex4ht/html4-math.4ht
version 2009-05-18-23:01
)
(/usr/share/texmf/tex/generic/tex4ht/latex.4ht
version 2009-05-21-09:32
--------------------------------------
--- Note --- for links into captions, instead of float heads, use the command l
ine option `refcaption'
--------------------------------------

(/usr/share/texmf/tex/generic/tex4ht/html4.4ht
version 2009-05-18-23:01
--------------------------------------
--- Note --- For mini tocs immediately aftter the header use the command line o
ption `minitoc<'
--------------------------------------
--------------------------------------
--- Note --- for enumerated list elements with valued data, use the command lin
e option `enumerate+'
--------------------------------------
--------------------------------------
--- Note --- for enumerated list elements li's with value attributes, use the c
ommand line option `enumerate-'
--------------------------------------
--------------------------------------
--- Note --- for CSS2 code, use the command line option `css2'
--------------------------------------
--------------------------------------
--- Note --- for pictorial tabular, use the command line option `pic-tabular'
--------------------------------------
--------------------------------------
--- Note --- for bitmap fbox'es, use the command line option `pic-fbox'
--------------------------------------
--------------------------------------
--- Note --- for bitmap framebox'es, use the command line option `pic-framebox'

--------------------------------------
--------------------------------------
--- Note --- for inline footnotes use command line option `fn-in'
--------------------------------------
--------------------------------------
--- Note --- for tracing of latex font commands, use the command line option `f
onts'
--------------------------------------
--------------------------------------
--- Note --- for width specifications of tabular p entries, use the `p-width' c
ommand line option or a configuration similar to \Configure{HColWidth}{\HCode{ 
style="width:\HColWidth"}}
--------------------------------------
)
(/usr/share/texmf/tex/generic/tex4ht/html4-math.4ht
version 2009-05-18-23:01
--------------------------------------
--- Note --- for pictorial eqnarray, use the command line option `pic-eqnarray'

--------------------------------------
--------------------------------------
--- Note --- for pictorial array, use the command line option `pic-array'
--------------------------------------
--------------------------------------
--- Note --- for pictorial $...$ environments, use the command line option `pic
-m' (not recommended!!)
--------------------------------------
--------------------------------------
--- Note --- for pictorial $...$ and $$...$$ environments with latex alt, use t
he command line option `pic-m+' (not safe!!)
--------------------------------------
--------------------------------------
--- Note --- for pictorial array, use the command line option `pic-array'
--------------------------------------
))
(/usr/share/texmf/tex/generic/tex4ht/fontmath.4ht
version 2009-05-21-09:32

(/usr/share/texmf/tex/generic/tex4ht/html4.4ht
version 2009-05-18-23:01
)
(/usr/share/texmf/tex/generic/tex4ht/html4-math.4ht
version 2009-05-18-23:01
))
(/usr/share/texmf/tex/generic/tex4ht/array.4ht
version 2009-05-21-09:32

(/usr/share/texmf/tex/generic/tex4ht/html4.4ht
version 2009-05-18-23:01
)
(/usr/share/texmf/tex/generic/tex4ht/html4-math.4ht
version 2009-05-18-23:01
--------------------------------------
--- Note --- for pictorial array, use the command line option `pic-array'
--------------------------------------
))
(/usr/share/texmf/tex/generic/tex4ht/color.4ht
version 2009-05-21-09:32

(/usr/share/texmf/tex/generic/tex4ht/html4.4ht
version 2009-05-18-23:01
)
(/usr/share/texmf/tex/generic/tex4ht/html4-math.4ht
version 2009-05-18-23:01
))
(/usr/share/texmf/tex/generic/tex4ht/colortbl.4ht
version 2009-05-21-09:32

(/usr/share/texmf/tex/generic/tex4ht/html4.4ht
version 2009-05-18-23:01
)
(/usr/share/texmf/tex/generic/tex4ht/html4-math.4ht
version 2009-05-18-23:01
))
(/home/xronosadmin/texmf/tex/latex/ximeraLatex/ximera.4ht
version 2014-01-26-09:44

(/usr/share/texlive/texmf-dist/tex/latex/microtype/microtype.sty
Package: microtype 2013/05/23 v2.5a Micro-typographical refinements (RS)
\MT@toks=\toks56
\MT@count=\count301
LaTeX Info: Redefining \textls on input line 766.
\MT@outer@kern=\dimen286
LaTeX Info: Redefining \textmicrotypecontext on input line 1285.
\MT@listname@count=\count302

(/usr/share/texlive/texmf-dist/tex/latex/microtype/microtype-pdftex.def
File: microtype-pdftex.def 2013/05/23 v2.5a Definitions specific to pdftex (RS)

LaTeX Info: Redefining \lsstyle on input line 915.
LaTeX Info: Redefining \lslig on input line 915.
\MT@outer@space=\skip135
)
Package microtype Info: Loading configuration file microtype.cfg.

(/usr/share/texlive/texmf-dist/tex/latex/microtype/microtype.cfg
File: microtype.cfg 2013/05/23 v2.5a microtype main configuration file (RS)
))
\c@identification=\count303


/home/xronosadmin/texmf/tex/latex/ximeraLatex/ximera.4ht:62: LaTeX Error: Comma
nd \c@track@Problem already defined.
               Or name \end... illegal, see p.192 of the manual in `ximera.cfg'
.

See the LaTeX manual or LaTeX Companion for explanation.
Type  H <return>  for immediate help.
 ...                                              
                                                  
l.62 \newcounter{track@Problem}
                               
Your command was ignored.
Type  I <command> <return>  to replace it with another command,
or  <return>  to continue without it.


/home/xronosadmin/texmf/tex/latex/ximeraLatex/ximera.4ht:64: LaTeX Error: Comma
nd \c@shuffle@Count already defined.
               Or name \end... illegal, see p.192 of the manual in `ximera.cfg'
.

See the LaTeX manual or LaTeX Companion for explanation.
Type  H <return>  for immediate help.
 ...                                              
                                                  
l.64 \newcounter{shuffle@Count}
                               
Your command was ignored.
Type  I <command> <return>  to replace it with another command,
or  <return>  to continue without it.

/home/xronosadmin/texmf/tex/latex/ximeraLatex/ximera.4ht:104: Illegal parameter
 number in definition of \problem.
<to be read again> 
                   1
l.104 \else\egroup\fi}
                      %
You meant to type ## instead of #, right?
Or maybe a } was forgotten somewhere earlier, and things
are all screwed up? I'm going to assume that you meant ##.

/home/xronosadmin/texmf/tex/latex/ximeraLatex/ximera.4ht:131: Illegal parameter
 number in definition of \exercise.
<to be read again> 
                   1
l.131 \else\egroup\fi}
                      %
You meant to type ## instead of #, right?
Or maybe a } was forgotten somewhere earlier, and things
are all screwed up? I'm going to assume that you meant ##.

/home/xronosadmin/texmf/tex/latex/ximeraLatex/ximera.4ht:176: Illegal parameter
 number in definition of \exploration.
<to be read again> 
                   1
l.176 \else\egroup\fi}
                      %
You meant to type ## instead of #, right?
Or maybe a } was forgotten somewhere earlier, and things
are all screwed up? I'm going to assume that you meant ##.

\c@choiceId=\count304

/home/xronosadmin/texmf/tex/latex/ximeraLatex/ximera.4ht:361: LaTeX Error: \hre
f undefined in `ximera.cfg'.

See the LaTeX manual or LaTeX Companion for explanation.
Type  H <return>  for immediate help.
 ...                                              
                                                  
l.361 \renewcommand{\href}
                          [2]{\HCode{<a href="#2">}#1\HCode{</a>}}
Try typing  <return>  to proceed.
If that doesn't work, type  X <return>  to quit.

(/usr/share/texmf/tex/generic/tex4ht/html4.4ht
version 2009-05-18-23:01
)
(/usr/share/texmf/tex/generic/tex4ht/html4-math.4ht
version 2009-05-18-23:01
))
(/usr/share/texmf/tex/generic/tex4ht/article.4ht
version 2009-05-21-09:32

(/usr/share/texmf/tex/generic/tex4ht/html4.4ht
version 2009-05-18-23:01
--------------------------------------
--- Note --- for automatic sectioning pagination, use the command line option `
1', `2', `3', '4', '5', '6', or '7'
--------------------------------------
--------------------------------------
--- Note --- for files named derived from section titles, use the command line 
option `sec-filename'
--------------------------------------
--------------------------------------
--- Note --- for i-columns index, use the command line option `index=i' (e.g., 
index=2)
--------------------------------------
)
(/usr/share/texmf/tex/generic/tex4ht/html4-math.4ht
version 2009-05-18-23:01
))
(/usr/share/texmf/tex/generic/tex4ht/pgf.4ht
version 2009-05-21-09:32

(/usr/share/texmf/tex/generic/tex4ht/html4.4ht
version 2009-05-18-23:01
)
(/usr/share/texmf/tex/generic/tex4ht/html4-math.4ht
version 2009-05-18-23:01
))
(/usr/share/texmf/tex/generic/tex4ht/everyshi.4ht
version 2009-05-21-09:32

(/usr/share/texmf/tex/generic/tex4ht/html4.4ht
version 2009-05-18-23:01
)
(/usr/share/texmf/tex/generic/tex4ht/html4-math.4ht
version 2009-05-18-23:01
))
(/usr/share/texmf/tex/generic/tex4ht/graphicx.4ht
version 2009-05-21-09:32

(/usr/share/texmf/tex/generic/tex4ht/html4.4ht
version 2009-05-18-23:01
)
(/usr/share/texmf/tex/generic/tex4ht/html4-math.4ht
version 2009-05-18-23:01
))
(/usr/share/texmf/tex/generic/tex4ht/graphics.4ht
version 2009-05-21-09:32

(/usr/share/texmf/tex/generic/tex4ht/html4.4ht
version 2009-05-18-23:01
--------------------------------------
--- Note --- if included graphics are of degraded quality, try the command line
 options `graphics-num' or `graphics-'. The `num' should provide the density of
 pixels in the bitmaps (e.g., 110). 
--------------------------------------
--------------------------------------
--- Note --- for key dimensions try the option `Gin-dim'; for key dimensions wh
en bounding box is unavailable try `Gin-dim+'; neither is recommended
--------------------------------------
)
(/usr/share/texmf/tex/generic/tex4ht/html4-math.4ht
version 2009-05-18-23:01
))
(/usr/share/texmf/tex/generic/tex4ht/dvips.4ht
version 2009-05-21-09:32

(/usr/share/texmf/tex/generic/tex4ht/html4.4ht
version 2009-05-18-23:01
)
(/usr/share/texmf/tex/generic/tex4ht/html4-math.4ht
version 2009-05-18-23:01
))
(/usr/share/texmf/tex/generic/tex4ht/xcolor.4ht
version 2009-05-21-09:32

(/usr/share/texmf/tex/generic/tex4ht/color.4ht
version 2009-05-21-09:32
)
(/usr/share/texmf/tex/generic/tex4ht/html4.4ht
version 2009-05-18-23:01
)
(/usr/share/texmf/tex/generic/tex4ht/html4-math.4ht
version 2009-05-18-23:01
))
(/usr/share/texmf/tex/generic/tex4ht/enumitem.4ht
version 2009-05-21-09:32

(/usr/share/texmf/tex/generic/tex4ht/html4.4ht
version 2009-05-18-23:01
)
(/usr/share/texmf/tex/generic/tex4ht/html4-math.4ht
version 2009-05-18-23:01
))
(/usr/share/texmf/tex/generic/tex4ht/titlesec.4ht
version 2009-05-21-09:32

(/usr/share/texmf/tex/generic/tex4ht/html4.4ht
version 2009-05-18-23:01
)
(/usr/share/texmf/tex/generic/tex4ht/html4-math.4ht
version 2009-05-18-23:01
))
(/usr/share/texmf/tex/generic/tex4ht/url.4ht
version 2009-05-21-09:32

(/usr/share/texmf/tex/generic/tex4ht/html4.4ht
version 2009-05-18-23:01
--------------------------------------
--- Note --- for URL encoding within href use the command line option `url-enc'

--------------------------------------
)
(/usr/share/texmf/tex/generic/tex4ht/html4-math.4ht
version 2009-05-18-23:01
))
(/usr/share/texmf/tex/generic/tex4ht/fancyvrb.4ht
version 2009-05-21-09:32

(/usr/share/texmf/tex/generic/tex4ht/html4.4ht
version 2009-05-18-23:01
)
(/usr/share/texmf/tex/generic/tex4ht/html4-math.4ht
version 2009-05-18-23:01
))
(/usr/share/texmf/tex/generic/tex4ht/amssymb.4ht
version 2009-05-21-09:32

(/usr/share/texmf/tex/generic/tex4ht/html4.4ht
version 2009-05-18-23:01
)
(/usr/share/texmf/tex/generic/tex4ht/html4-math.4ht
version 2009-05-18-23:01
))
(/usr/share/texmf/tex/generic/tex4ht/amsfonts.4ht
version 2009-05-21-09:32

(/usr/share/texmf/tex/generic/tex4ht/html4.4ht
version 2009-05-18-23:01
)
(/usr/share/texmf/tex/generic/tex4ht/html4-math.4ht
version 2009-05-18-23:01
))
(/usr/share/texmf/tex/generic/tex4ht/amsmath.4ht
version 2009-05-21-09:32
\tmp:muskip=\muskip18

(/usr/share/texmf/tex/generic/tex4ht/html4.4ht
version 2009-05-18-23:01
)
(/usr/share/texmf/tex/generic/tex4ht/html4-math.4ht
version 2009-05-18-23:01
))
(/usr/share/texmf/tex/generic/tex4ht/amstext.4ht
version 2009-05-21-09:32

(/usr/share/texmf/tex/generic/tex4ht/html4.4ht
version 2009-05-18-23:01
)
(/usr/share/texmf/tex/generic/tex4ht/html4-math.4ht
version 2009-05-18-23:01
))
(/usr/share/texmf/tex/generic/tex4ht/amsbsy.4ht
version 2009-05-21-09:32

(/usr/share/texmf/tex/generic/tex4ht/html4.4ht
version 2009-05-18-23:01
)
(/usr/share/texmf/tex/generic/tex4ht/html4-math.4ht
version 2009-05-18-23:01
))
(/usr/share/texmf/tex/generic/tex4ht/amsopn.4ht
version 2009-05-21-09:32

(/usr/share/texmf/tex/generic/tex4ht/html4.4ht
version 2009-05-18-23:01
)
(/usr/share/texmf/tex/generic/tex4ht/html4-math.4ht
version 2009-05-18-23:01
))
(/usr/share/texmf/tex/generic/tex4ht/amsthm.4ht
version 2009-05-21-09:32

(/usr/share/texmf/tex/generic/tex4ht/html4.4ht
version 2009-05-18-23:01
)
(/usr/share/texmf/tex/generic/tex4ht/html4-math.4ht
version 2009-05-18-23:01
))
(/usr/share/texmf/tex/generic/tex4ht/ifthen.4ht
version 2009-05-21-09:32

(/usr/share/texmf/tex/generic/tex4ht/html4.4ht
version 2009-05-18-23:01
)
(/usr/share/texmf/tex/generic/tex4ht/html4-math.4ht
version 2009-05-18-23:01
))
(/usr/share/texmf/tex/generic/tex4ht/listings.4ht
version 2009-05-21-09:32

(/usr/share/texmf/tex/generic/tex4ht/html4.4ht
version 2009-05-18-23:01
--------------------------------------
--- Note --- to ensure proper alignments use fixed size fonts (see listings.dtx
)
--------------------------------------
)
(/usr/share/texmf/tex/generic/tex4ht/html4-math.4ht
version 2009-05-18-23:01
))
(/usr/share/texmf/tex/generic/tex4ht/verbatim.4ht
version 2009-05-21-09:32

(/usr/share/texmf/tex/generic/tex4ht/html4.4ht
version 2009-05-18-23:01
)
(/usr/share/texmf/tex/generic/tex4ht/html4-math.4ht
version 2009-05-18-23:01
))
(/usr/share/texmf/tex/generic/tex4ht/html4.4ht
version 2009-05-18-23:01
)
(/usr/share/texmf/tex/generic/tex4ht/html4-math.4ht
version 2009-05-18-23:01
))
runsystem(sed -i "/@/d" Homework01.jax)...executed.

runsystem(sed -i "s/##\\([0-9]\\)/#\\1/g" Homework01.jax)...executed.

 (./Homework01.oc)
\eqtoks=\toks57

(./Homework01.aux)
\openout1 = `Homework01.aux'.

LaTeX Font Info:    Checking defaults for OML/cmm/m/it on input line 111.
LaTeX Font Info:    ... okay on input line 111.
LaTeX Font Info:    Checking defaults for T1/cmr/m/n on input line 111.
LaTeX Font Info:    ... okay on input line 111.
LaTeX Font Info:    Checking defaults for OT1/cmr/m/n on input line 111.
LaTeX Font Info:    ... okay on input line 111.
LaTeX Font Info:    Checking defaults for OMS/cmsy/m/n on input line 111.
LaTeX Font Info:    ... okay on input line 111.
LaTeX Font Info:    Checking defaults for OMX/cmex/m/n on input line 111.
LaTeX Font Info:    ... okay on input line 111.
LaTeX Font Info:    Checking defaults for U/cmr/m/n on input line 111.
LaTeX Font Info:    ... okay on input line 111.


Package pgfplots Warning: running in backwards compatibility mode (unsuitable t
ick labels; missing features). Consider writing \pgfplotsset{compat=1.13} into 
your preamble.
 on input line 111.

\c@lstlisting=\count305
\AtBeginShipoutBox=\box66
*geometry* driver: auto-detecting
*geometry* detected driver: dvips
*geometry* verbose mode - [ preamble ] result:
* driver: dvips
* paper: <default>
* layout: <same size as paper>
* layoutoffset:(h,v)=(0.0pt,0.0pt)
* modes: 
* h-part:(L,W,R)=(72.26999pt, 469.75502pt, 72.26999pt)
* v-part:(T,H,B)=(72.26999pt, 650.43001pt, 72.26999pt)
* \paperwidth=614.295pt
* \paperheight=794.96999pt
* \textwidth=469.75502pt
* \textheight=650.43001pt
* \oddsidemargin=0.0pt
* \evensidemargin=0.0pt
* \topmargin=-39.0pt
* \headheight=14.0pt
* \headsep=25.0pt
* \topskip=10.0pt
* \footskip=30.0pt
* \marginparwidth=65.0pt
* \marginparsep=11.0pt
* \columnsep=10.0pt
* \skip\footins=9.0pt plus 4.0pt minus 2.0pt
* \hoffset=0.0pt
* \voffset=0.0pt
* \mag=1000
* \@twocolumnfalse
* \@twosidefalse
* \@mparswitchfalse
* \@reversemarginfalse
* (1in=72.27pt=25.4mm, 1cm=28.453pt)

LaTeX Info: Redefining \microtypecontext on input line 111.
Package microtype Info: Generating DVI output.
Package microtype Info: Character protrusion enabled (level 2).
Package microtype Info: Using default protrusion set `alltext'.
Package microtype Info: No font expansion.
Package microtype Info: No adjustment of tracking.
Package microtype Info: No adjustment of interword spacing.
Package microtype Info: No adjustment of character kerning.
(/usr/share/texlive/texmf-dist/tex/latex/microtype/mt-cmr.cfg
File: mt-cmr.cfg 2013/05/19 v2.2 microtype config. file: Computer Modern Roman 
(RS)
)
/home/xronosadmin/texmf/tex/latex/ximeraLatex/ximera.cfg:152: Extra \fi.
l.152 \fi
         
I'm ignoring this; it doesn't match any \if.

Package microtype Info: Loading generic settings for font family
(microtype)             `cmtt' (encoding: OT1).
(microtype)             For optimal results, create family-specific settings.
(microtype)             See the microtype manual for details.
) (./Limit-Input.tex)
\c@Q@PulledI=\count306
\c@Q@PulledII=\count307
\c@Q@PulledIII=\count308
\c@Q@PulledIV=\count309
\c@Q@PulledV=\count310
 (./Limit-Input.tex (./Limits/2311-Compute-Limit-0001.tex
./Limits/2311-Compute-Limit-0001.tex:955: Illegal parameter number in definitio
n of \spaceatend.
<to be read again> 
                   1
l.955 \end{problem}}
                    %}
You meant to type ## instead of #, right?
Or maybe a } was forgotten somewhere earlier, and things
are all screwed up? I'm going to assume that you meant ##.

Package microtype Info: Loading generic settings for font family
(microtype)             `cmss' (encoding: OT1).
(microtype)             For optimal results, create family-specific settings.
(microtype)             See the microtype manual for details.
LaTeX Font Info:    Try loading font information for U+msa on input line 955.
(/usr/share/texlive/texmf-dist/tex/latex/amsfonts/umsa.fd
File: umsa.fd 2013/01/14 v3.01 AMS symbols A
)
(/usr/share/texlive/texmf-dist/tex/latex/microtype/mt-msa.cfg
File: mt-msa.cfg 2006/02/04 v1.1 microtype config. file: AMS symbols (a) (RS)
)
LaTeX Font Info:    Try loading font information for U+msb on input line 955.

(/usr/share/texlive/texmf-dist/tex/latex/amsfonts/umsb.fd
File: umsb.fd 2013/01/14 v3.01 AMS symbols B
)
(/usr/share/texlive/texmf-dist/tex/latex/microtype/mt-msb.cfg
File: mt-msb.cfg 2005/06/01 v1.0 microtype config. file: AMS symbols (b) (RS)
)
(./Limits/2311-Compute-Limit-0001.HELP.tex)
l. 955 Writing Homework01.idv[1] (Homework010x.png)
)
(./Limits/2311-Compute-Limit-0002.tex) (./Limits/2311-Compute-Limit-0003.tex)
(./Limits/2311-Compute-Limit-0004.tex) (./Limits/2311-Compute-Limit-0005.tex)
(./Limits/2311-Compute-Limit-0006.tex) (./Limits/2311-Compute-Limit-0007.tex)
(./Limits/2311-Compute-Limit-0008.tex) (./Limits/2311-Compute-Limit-0009.tex
./Limits/2311-Compute-Limit-0009.tex:1388: Illegal parameter number in definiti
on of \spaceatend.
<to be read again> 
                   1
l.1388 \end{problem}}
                     %}
You meant to type ## instead of #, right?
Or maybe a } was forgotten somewhere earlier, and things
are all screwed up? I'm going to assume that you meant ##.

(./Limits/2311-Compute-Limit-0009.HELP.tex)
l. 1388 Writing Homework01.idv[2] (Homework011x.png)

./Limits/2311-Compute-Limit-0009.tex:1817: Illegal parameter number in definiti
on of \spaceatend.
<to be read again> 
                   1
l.1817 \end{problem}}
                     %}
You meant to type ## instead of #, right?
Or maybe a } was forgotten somewhere earlier, and things
are all screwed up? I'm going to assume that you meant ##.

(./Limits/2311-Compute-Limit-0009.HELP.tex)
l. 1817 Writing Homework01.idv[3] (Homework012x.png)

./Limits/2311-Compute-Limit-0009.tex:3400: Illegal parameter number in definiti
on of \spaceatend.
<to be read again> 
                   1
l.3400 \end{problem}}
                     %}
You meant to type ## instead of #, right?
Or maybe a } was forgotten somewhere earlier, and things
are all screwed up? I'm going to assume that you meant ##.

(./Limits/2311-Compute-Limit-0009.HELP.tex)
l. 3400 Writing Homework01.idv[4] (Homework013x.png)
 [1

])
(./Limits/2311-Compute-Limit-0010.tex) (./Limits/2311-Compute-Limit-0011.tex)
(./Limits/2311-Compute-Limit-0012.tex) (./Limits/2311-Compute-Limit-0013.tex)
(./Limits/2311-Compute-Limit-0014.tex) (./Limits/2311-Compute-Limit-0015.tex)
(./Limits/2311-Concept-Limit-0001.tex) (./Limits/2311-Concept-Limit-0002.tex
./Limits/2311-Concept-Limit-0002.tex:2636: Illegal parameter number in definiti
on of \spaceatend.
<to be read again> 
                   1
l.2636 \end{problem}}
                     %}
You meant to type ## instead of #, right?
Or maybe a } was forgotten somewhere earlier, and things
are all screwed up? I'm going to assume that you meant ##.

(./Limits/2311-Concept-Limit-0002.HELP.tex)
l. 2636 Writing Homework01.idv[5] (Homework014x.png)
)
(./Limits/2311-Concept-Limit-0003.tex) (./Limits/2311-Concept-Limit-0004.tex)
(./Limits/2311-Concept-Limit-0005.tex) (./Limits/2311-Concept-Limit-0006.tex)
(./Limits/2311-Concept-Limit-0007.tex) (./Limits/2311-Concept-Limit-0008.tex))
(./Limit-Input.tex) (./Limit-Input.tex (./Limits/2311-Concept-Limit-0004.tex
./Limits/2311-Concept-Limit-0004.tex:10730: Illegal parameter number in definit
ion of \spaceatend.
<to be read again> 
                   1
l.10730 \end{problem}}
                      %}
You meant to type ## instead of #, right?
Or maybe a } was forgotten somewhere earlier, and things
are all screwed up? I'm going to assume that you meant ##.

(./Limits/2311-Concept-Limit-0004.HELP.tex)
l. 10730 Writing Homework01.idv[6] (Homework015x.png)
)
(./Limits/2311-Concept-Limit-0005.tex
./Limits/2311-Concept-Limit-0005.tex:982: Illegal parameter number in definitio
n of \spaceatend.
<to be read again> 
                   1
l.982 \end{problem}}
                    %}
You meant to type ## instead of #, right?
Or maybe a } was forgotten somewhere earlier, and things
are all screwed up? I'm going to assume that you meant ##.

(./Limits/2311-Concept-Limit-0005.HELP.tex)
l. 982 Writing Homework01.idv[7] (Homework016x.png)
 [2]
./Limits/2311-Concept-Limit-0005.tex:1366: Illegal parameter number in definiti
on of \spaceatend.
<to be read again> 
                   1
l.1366 \end{problem}}
                     %}
You meant to type ## instead of #, right?
Or maybe a } was forgotten somewhere earlier, and things
are all screwed up? I'm going to assume that you meant ##.

(./Limits/2311-Concept-Limit-0005.HELP.tex)
l. 1366 Writing Homework01.idv[8] (Homework017x.png)

./Limits/2311-Concept-Limit-0005.tex:4006: Illegal parameter number in definiti
on of \spaceatend.
<to be read again> 
                   1
l.4006 \end{problem}}
                     %}
You meant to type ## instead of #, right?
Or maybe a } was forgotten somewhere earlier, and things
are all screwed up? I'm going to assume that you meant ##.

(./Limits/2311-Concept-Limit-0005.HELP.tex)
l. 4006 Writing Homework01.idv[9] (Homework018x.png)

./Limits/2311-Concept-Limit-0005.tex:6790: Illegal parameter number in definiti
on of \spaceatend.
<to be read again> 
                   1
l.6790 \end{problem}}
                     %}
You meant to type ## instead of #, right?
Or maybe a } was forgotten somewhere earlier, and things
are all screwed up? I'm going to assume that you meant ##.

(./Limits/2311-Concept-Limit-0005.HELP.tex)
l. 6790 Writing Homework01.idv[10] (Homework019x.png)
)) (./Limit-Input.tex)
(./Limit-Input.tex (./Limits/2311-Compute-Limit-0008.tex [3]
./Limits/2311-Compute-Limit-0008.tex:3077: Illegal parameter number in definiti
on of \spaceatend.
<to be read again> 
                   1
l.3077 \end{problem}}
                     {
You meant to type ## instead of #, right?
Or maybe a } was forgotten somewhere earlier, and things
are all screwed up? I'm going to assume that you meant ##.

(./Limits/2311-Compute-Limit-0008.HELP.tex)
l. 3077 Writing Homework01.idv[11] (Homework0110x.png)
 [4])
(./Limits/2311-Compute-Limit-0009.tex
./Limits/2311-Compute-Limit-0009.tex:465: Illegal parameter number in definitio
n of \spaceatend.
<to be read again> 
                   1
l.465 \end{problem}}
                    %}
You meant to type ## instead of #, right?
Or maybe a } was forgotten somewhere earlier, and things
are all screwed up? I'm going to assume that you meant ##.

(./Limits/2311-Compute-Limit-0009.HELP.tex)
l. 465 Writing Homework01.idv[12] (Homework0111x.png)
)
(./Limits/2311-Concept-Limit-0004.tex) (./Limits/2311-Concept-Limit-0005.tex
./Limits/2311-Concept-Limit-0005.tex:4918: Illegal parameter number in definiti
on of \spaceatend.
<to be read again> 
                   1
l.4918 \end{problem}}
                     %}
You meant to type ## instead of #, right?
Or maybe a } was forgotten somewhere earlier, and things
are all screwed up? I'm going to assume that you meant ##.

(./Limits/2311-Concept-Limit-0005.HELP.tex)
l. 4918 Writing Homework01.idv[13] (Homework0112x.png)

./Limits/2311-Concept-Limit-0005.tex:8854: Illegal parameter number in definiti
on of \spaceatend.
<to be read again> 
                   1
l.8854 \end{problem}}
                     %}
You meant to type ## instead of #, right?
Or maybe a } was forgotten somewhere earlier, and things
are all screwed up? I'm going to assume that you meant ##.

(./Limits/2311-Concept-Limit-0005.HELP.tex)
l. 8854 Writing Homework01.idv[14] (Homework0113x.png)
)
(./Limits/2311-Concept-Limit-0006.tex
./Limits/2311-Concept-Limit-0006.tex:199: Illegal parameter number in definitio
n of \spaceatend.
<to be read again> 
                   1
l.199 \end{problem}}
                    %}
You meant to type ## instead of #, right?
Or maybe a } was forgotten somewhere earlier, and things
are all screwed up? I'm going to assume that you meant ##.

[5] (./Limits/2311-Concept-Limit-0006.HELP.tex)
l. 199 Writing Homework01.idv[15] (Homework0114x.png)
)
(./Limits/2311-Concept-Limit-0007.tex)) (./Limit-Input.tex) (./Limit-Input.tex)
(./Limit-Input.tex) (./Limit-Input.tex (./Limits/2311-Compute-Limit-0001.tex)
(./Limits/2311-Compute-Limit-0004.tex
./Limits/2311-Compute-Limit-0004.tex:823: Illegal parameter number in definitio
n of \spaceatend.
<to be read again> 
                   1
l.823 \end{problem}}
                    %}
You meant to type ## instead of #, right?
Or maybe a } was forgotten somewhere earlier, and things
are all screwed up? I'm going to assume that you meant ##.

(./Limits/2311-Compute-Limit-0004.HELP.tex)
l. 823 Writing Homework01.idv[16] (Homework0115x.png)

./Limits/2311-Compute-Limit-0004.tex:2218: Illegal parameter number in definiti
on of \spaceatend.
<to be read again> 
                   1
l.2218 \end{problem}}
                     %}
You meant to type ## instead of #, right?
Or maybe a } was forgotten somewhere earlier, and things
are all screwed up? I'm going to assume that you meant ##.

(./Limits/2311-Compute-Limit-0004.HELP.tex)
l. 2218 Writing Homework01.idv[17] (Homework0116x.png)
)
(./Limits/2311-Compute-Limit-0007.tex
./Limits/2311-Compute-Limit-0007.tex:4182: Illegal parameter number in definiti
on of \spaceatend.
<to be read again> 
                   1
l.4182 \end{problem}}
                     %}
You meant to type ## instead of #, right?
Or maybe a } was forgotten somewhere earlier, and things
are all screwed up? I'm going to assume that you meant ##.

(./Limits/2311-Compute-Limit-0007.HELP.tex)
l. 4182 Writing Homework01.idv[18] (Homework0117x.png)
)
(./Limits/2311-Compute-Limit-0011.tex [6]
./Limits/2311-Compute-Limit-0011.tex:5147: Illegal parameter number in definiti
on of \spaceatend.
<to be read again> 
                   1
l.5147 \end{problem}}
                     %}
You meant to type ## instead of #, right?
Or maybe a } was forgotten somewhere earlier, and things
are all screwed up? I'm going to assume that you meant ##.

(./Limits/2311-Compute-Limit-0011.HELP.tex)
l. 5147 Writing Homework01.idv[19] (Homework0118x.png)

./Limits/2311-Compute-Limit-0011.tex:5978: Illegal parameter number in definiti
on of \spaceatend.
<to be read again> 
                   1
l.5978 \end{problem}}
                     %}
You meant to type ## instead of #, right?
Or maybe a } was forgotten somewhere earlier, and things
are all screwed up? I'm going to assume that you meant ##.

(./Limits/2311-Compute-Limit-0011.HELP.tex)
l. 5978 Writing Homework01.idv[20] (Homework0119x.png)
)
(./Limits/2311-Compute-Limit-0012.tex))
./Homework01.tex:33: Illegal parameter number in definition of \spaceatend.
<to be read again> 
                   1
l.33 \begin{problem}
                    
You meant to type ## instead of #, right?
Or maybe a } was forgotten somewhere earlier, and things
are all screwed up? I'm going to assume that you meant ##.

l. 35 Writing Homework01.idv[21] (Homework0120x.png)
[7] [8] (./Homework01.aux) )
(\end occurred when \iftrue on line 199 was incomplete)
(\end occurred when \if on line 199 was incomplete)
(\end occurred when \iftrue on line 199 was incomplete)
(\end occurred when \if on line 199 was incomplete)
(\end occurred when \iftrue on line 199 was incomplete)
(\end occurred when \if on line 199 was incomplete)
(\end occurred when \iftrue on line 199 was incomplete)
(\end occurred when \if on line 199 was incomplete)
(\end occurred when \iftrue on line 199 was incomplete)
(\end occurred when \if on line 199 was incomplete)
(\end occurred when \iftrue on line 199 was incomplete)
(\end occurred when \iftrue on line 288 was incomplete)
(\end occurred when \iftrue on line 3077 was incomplete)
(\end occurred when \iftrue on line 123 was incomplete) 
Here is how much of TeX's memory you used:
 39553 strings out of 493030
 868804 string characters out of 6136260
 1142194 words of memory out of 5000000
 42171 multiletter control sequences out of 15000+600000
 6767 words of font info for 27 fonts, out of 8000000 for 9000
 1141 hyphenation exceptions out of 8191
 81i,6n,79p,10911b,609s stack positions out of 5000i,500n,10000p,200000b,80000s

Output written on Homework01.dvi (8 pages, 45416 bytes).
